This is pdfTeX, Version 3.141592653-2.6-1.40.24 (MiKTeX 22.3) (preloaded format=pdflatex 2022.6.5)  14 JUL 2022 10:27
entering extended mode
 restricted \write18 enabled.
 %&-line parsing enabled.
**./slides.tex
(slides.tex
LaTeX2e <2021-11-15> patch level 1
L3 programming layer <2022-02-24>
(C:\Users\eva.garcia.domingo\AppData\Local\Programs\MiKTeX\tex/latex/beamer\bea
mer.cls
Document Class: beamer 2022/05/17 v3.67 A class for typesetting presentations

(C:\Users\eva.garcia.domingo\AppData\Local\Programs\MiKTeX\tex/latex/beamer\bea
merbasemodes.sty
(C:\Users\eva.garcia.domingo\AppData\Local\Programs\MiKTeX\tex/latex/etoolbox\e
toolbox.sty
Package: etoolbox 2020/10/05 v2.5k e-TeX tools for LaTeX (JAW)
\etb@tempcnta=\count185
)
\beamer@tempbox=\box50
\beamer@tempcount=\count186
\c@beamerpauses=\count187

(C:\Users\eva.garcia.domingo\AppData\Local\Programs\MiKTeX\tex/latex/beamer\bea
merbasedecode.sty
\beamer@slideinframe=\count188
\beamer@minimum=\count189
\beamer@decode@box=\box51
)
\beamer@commentbox=\box52
\beamer@modecount=\count190
)
(C:\Users\eva.garcia.domingo\AppData\Local\Programs\MiKTeX\tex/generic/iftex\if
tex.sty
Package: iftex 2022/02/03 v1.0f TeX engine tests
)
\headdp=\dimen138
\footheight=\dimen139
\sidebarheight=\dimen140
\beamer@tempdim=\dimen141
\beamer@finalheight=\dimen142
\beamer@animht=\dimen143
\beamer@animdp=\dimen144
\beamer@animwd=\dimen145
\beamer@leftmargin=\dimen146
\beamer@rightmargin=\dimen147
\beamer@leftsidebar=\dimen148
\beamer@rightsidebar=\dimen149
\beamer@boxsize=\dimen150
\beamer@vboxoffset=\dimen151
\beamer@descdefault=\dimen152
\beamer@descriptionwidth=\dimen153
\beamer@lastskip=\skip47
\beamer@areabox=\box53
\beamer@animcurrent=\box54
\beamer@animshowbox=\box55
\beamer@sectionbox=\box56
\beamer@logobox=\box57
\beamer@linebox=\box58
\beamer@sectioncount=\count191
\beamer@subsubsectionmax=\count192
\beamer@subsectionmax=\count193
\beamer@sectionmax=\count194
\beamer@totalheads=\count195
\beamer@headcounter=\count196
\beamer@partstartpage=\count197
\beamer@sectionstartpage=\count198
\beamer@subsectionstartpage=\count199
\beamer@animationtempa=\count266
\beamer@animationtempb=\count267
\beamer@xpos=\count268
\beamer@ypos=\count269
\beamer@ypos@offset=\count270
\beamer@showpartnumber=\count271
\beamer@currentsubsection=\count272
\beamer@coveringdepth=\count273
\beamer@sectionadjust=\count274
\beamer@toclastsection=\count275
\beamer@tocsectionnumber=\count276

(C:\Users\eva.garcia.domingo\AppData\Local\Programs\MiKTeX\tex/latex/beamer\bea
merbaseoptions.sty
(C:\Users\eva.garcia.domingo\AppData\Local\Programs\MiKTeX\tex/latex/graphics\k
eyval.sty
Package: keyval 2014/10/28 v1.15 key=value parser (DPC)
\KV@toks@=\toks16
))
\beamer@paperwidth=\skip48
\beamer@paperheight=\skip49

(C:\Users\eva.garcia.domingo\AppData\Local\Programs\MiKTeX\tex/latex/geometry\g
eometry.sty
Package: geometry 2020/01/02 v5.9 Page Geometry

(C:\Users\eva.garcia.domingo\AppData\Local\Programs\MiKTeX\tex/generic/iftex\if
vtex.sty
Package: ifvtex 2019/10/25 v1.7 ifvtex legacy package. Use iftex instead.
)
\Gm@cnth=\count277
\Gm@cntv=\count278
\c@Gm@tempcnt=\count279
\Gm@bindingoffset=\dimen154
\Gm@wd@mp=\dimen155
\Gm@odd@mp=\dimen156
\Gm@even@mp=\dimen157
\Gm@layoutwidth=\dimen158
\Gm@layoutheight=\dimen159
\Gm@layouthoffset=\dimen160
\Gm@layoutvoffset=\dimen161
\Gm@dimlist=\toks17

(C:\Users\eva.garcia.domingo\AppData\Local\Programs\MiKTeX\tex/latex/geometry\g
eometry.cfg))
(C:\Users\eva.garcia.domingo\AppData\Local\Programs\MiKTeX\tex/latex/pgf/math\p
gfmath.sty
(C:\Users\eva.garcia.domingo\AppData\Local\Programs\MiKTeX\tex/latex/pgf/utilit
ies\pgfrcs.sty
(C:\Users\eva.garcia.domingo\AppData\Local\Programs\MiKTeX\tex/generic/pgf/util
ities\pgfutil-common.tex
\pgfutil@everybye=\toks18
\pgfutil@tempdima=\dimen162
\pgfutil@tempdimb=\dimen163

(C:\Users\eva.garcia.domingo\AppData\Local\Programs\MiKTeX\tex/generic/pgf/util
ities\pgfutil-common-lists.tex))
(C:\Users\eva.garcia.domingo\AppData\Local\Programs\MiKTeX\tex/generic/pgf/util
ities\pgfutil-latex.def
\pgfutil@abb=\box59
)
(C:\Users\eva.garcia.domingo\AppData\Local\Programs\MiKTeX\tex/generic/pgf/util
ities\pgfrcs.code.tex
(C:\Users\eva.garcia.domingo\AppData\Local\Programs\MiKTeX\tex/generic/pgf\pgf.
revision.tex)
Package: pgfrcs 2021/05/15 v3.1.9a (3.1.9a)
))
(C:\Users\eva.garcia.domingo\AppData\Local\Programs\MiKTeX\tex/latex/pgf/utilit
ies\pgfkeys.sty
(C:\Users\eva.garcia.domingo\AppData\Local\Programs\MiKTeX\tex/generic/pgf/util
ities\pgfkeys.code.tex
\pgfkeys@pathtoks=\toks19
\pgfkeys@temptoks=\toks20

(C:\Users\eva.garcia.domingo\AppData\Local\Programs\MiKTeX\tex/generic/pgf/util
ities\pgfkeysfiltered.code.tex
\pgfkeys@tmptoks=\toks21
)))
(C:\Users\eva.garcia.domingo\AppData\Local\Programs\MiKTeX\tex/generic/pgf/math
\pgfmath.code.tex
(C:\Users\eva.garcia.domingo\AppData\Local\Programs\MiKTeX\tex/generic/pgf/math
\pgfmathcalc.code.tex
(C:\Users\eva.garcia.domingo\AppData\Local\Programs\MiKTeX\tex/generic/pgf/math
\pgfmathutil.code.tex
\pgf@x=\dimen164
\pgf@xa=\dimen165
\pgf@xb=\dimen166
\pgf@xc=\dimen167
\pgf@y=\dimen168
\pgf@ya=\dimen169
\pgf@yb=\dimen170
\pgf@yc=\dimen171
\c@pgf@counta=\count280
\c@pgf@countb=\count281
\c@pgf@countc=\count282
\c@pgf@countd=\count283
)
(C:\Users\eva.garcia.domingo\AppData\Local\Programs\MiKTeX\tex/generic/pgf/math
\pgfmathparser.code.tex
\pgfmath@dimen=\dimen172
\pgfmath@count=\count284
\pgfmath@box=\box60
\pgfmath@toks=\toks22
\pgfmath@stack@operand=\toks23
\pgfmath@stack@operation=\toks24
)
(C:\Users\eva.garcia.domingo\AppData\Local\Programs\MiKTeX\tex/generic/pgf/math
\pgfmathfunctions.code.tex
(C:\Users\eva.garcia.domingo\AppData\Local\Programs\MiKTeX\tex/generic/pgf/math
\pgfmathfunctions.basic.code.tex)
(C:\Users\eva.garcia.domingo\AppData\Local\Programs\MiKTeX\tex/generic/pgf/math
\pgfmathfunctions.trigonometric.code.tex)
(C:\Users\eva.garcia.domingo\AppData\Local\Programs\MiKTeX\tex/generic/pgf/math
\pgfmathfunctions.random.code.tex)
(C:\Users\eva.garcia.domingo\AppData\Local\Programs\MiKTeX\tex/generic/pgf/math
\pgfmathfunctions.comparison.code.tex)
(C:\Users\eva.garcia.domingo\AppData\Local\Programs\MiKTeX\tex/generic/pgf/math
\pgfmathfunctions.base.code.tex)
(C:\Users\eva.garcia.domingo\AppData\Local\Programs\MiKTeX\tex/generic/pgf/math
\pgfmathfunctions.round.code.tex)
(C:\Users\eva.garcia.domingo\AppData\Local\Programs\MiKTeX\tex/generic/pgf/math
\pgfmathfunctions.misc.code.tex)
(C:\Users\eva.garcia.domingo\AppData\Local\Programs\MiKTeX\tex/generic/pgf/math
\pgfmathfunctions.integerarithmetics.code.tex)))
(C:\Users\eva.garcia.domingo\AppData\Local\Programs\MiKTeX\tex/generic/pgf/math
\pgfmathfloat.code.tex
\c@pgfmathroundto@lastzeros=\count285
)))
(C:\Users\eva.garcia.domingo\AppData\Local\Programs\MiKTeX\tex/latex/base\size1
1.clo
File: size11.clo 2021/10/04 v1.4n Standard LaTeX file (size option)
)
(C:\Users\eva.garcia.domingo\AppData\Local\Programs\MiKTeX\tex/latex/pgf/basicl
ayer\pgfcore.sty
(C:\Users\eva.garcia.domingo\AppData\Local\Programs\MiKTeX\tex/latex/graphics\g
raphicx.sty
Package: graphicx 2021/09/16 v1.2d Enhanced LaTeX Graphics (DPC,SPQR)

(C:\Users\eva.garcia.domingo\AppData\Local\Programs\MiKTeX\tex/latex/graphics\g
raphics.sty
Package: graphics 2021/03/04 v1.4d Standard LaTeX Graphics (DPC,SPQR)

(C:\Users\eva.garcia.domingo\AppData\Local\Programs\MiKTeX\tex/latex/graphics\t
rig.sty
Package: trig 2021/08/11 v1.11 sin cos tan (DPC)
)
(C:\Users\eva.garcia.domingo\AppData\Local\Programs\MiKTeX\tex/latex/graphics-c
fg\graphics.cfg
File: graphics.cfg 2016/06/04 v1.11 sample graphics configuration
)
Package graphics Info: Driver file: pdftex.def on input line 107.

(C:\Users\eva.garcia.domingo\AppData\Local\Programs\MiKTeX\tex/latex/graphics-d
ef\pdftex.def
File: pdftex.def 2020/10/05 v1.2a Graphics/color driver for pdftex
))
\Gin@req@height=\dimen173
\Gin@req@width=\dimen174
)
(C:\Users\eva.garcia.domingo\AppData\Local\Programs\MiKTeX\tex/latex/pgf/system
layer\pgfsys.sty
(C:\Users\eva.garcia.domingo\AppData\Local\Programs\MiKTeX\tex/generic/pgf/syst
emlayer\pgfsys.code.tex
Package: pgfsys 2021/05/15 v3.1.9a (3.1.9a)

(C:\Users\eva.garcia.domingo\AppData\Local\Programs\MiKTeX\tex/generic/pgf/util
ities\pgfkeys.code.tex)
\pgf@x=\dimen175
\pgf@y=\dimen176
\pgf@xa=\dimen177
\pgf@ya=\dimen178
\pgf@xb=\dimen179
\pgf@yb=\dimen180
\pgf@xc=\dimen181
\pgf@yc=\dimen182
\pgf@xd=\dimen183
\pgf@yd=\dimen184
\w@pgf@writea=\write3
\r@pgf@reada=\read2
\c@pgf@counta=\count286
\c@pgf@countb=\count287
\c@pgf@countc=\count288
\c@pgf@countd=\count289
\t@pgf@toka=\toks25
\t@pgf@tokb=\toks26
\t@pgf@tokc=\toks27
\pgf@sys@id@count=\count290

(C:\Users\eva.garcia.domingo\AppData\Local\Programs\MiKTeX\tex/generic/pgf/syst
emlayer\pgf.cfg
File: pgf.cfg 2021/05/15 v3.1.9a (3.1.9a)
)
Driver file for pgf: pgfsys-pdftex.def

(C:\Users\eva.garcia.domingo\AppData\Local\Programs\MiKTeX\tex/generic/pgf/syst
emlayer\pgfsys-pdftex.def
File: pgfsys-pdftex.def 2021/05/15 v3.1.9a (3.1.9a)

(C:\Users\eva.garcia.domingo\AppData\Local\Programs\MiKTeX\tex/generic/pgf/syst
emlayer\pgfsys-common-pdf.def
File: pgfsys-common-pdf.def 2021/05/15 v3.1.9a (3.1.9a)
)))
(C:\Users\eva.garcia.domingo\AppData\Local\Programs\MiKTeX\tex/generic/pgf/syst
emlayer\pgfsyssoftpath.code.tex
File: pgfsyssoftpath.code.tex 2021/05/15 v3.1.9a (3.1.9a)
\pgfsyssoftpath@smallbuffer@items=\count291
\pgfsyssoftpath@bigbuffer@items=\count292
)
(C:\Users\eva.garcia.domingo\AppData\Local\Programs\MiKTeX\tex/generic/pgf/syst
emlayer\pgfsysprotocol.code.tex
File: pgfsysprotocol.code.tex 2021/05/15 v3.1.9a (3.1.9a)
))
(C:\Users\eva.garcia.domingo\AppData\Local\Programs\MiKTeX\tex/latex/xcolor\xco
lor.sty
Package: xcolor 2021/10/31 v2.13 LaTeX color extensions (UK)

(C:\Users\eva.garcia.domingo\AppData\Local\Programs\MiKTeX\tex/latex/graphics-c
fg\color.cfg
File: color.cfg 2016/01/02 v1.6 sample color configuration
)
Package xcolor Info: Driver file: pdftex.def on input line 227.
Package xcolor Info: Model `cmy' substituted by `cmy0' on input line 1352.
Package xcolor Info: Model `hsb' substituted by `rgb' on input line 1356.
Package xcolor Info: Model `RGB' extended on input line 1368.
Package xcolor Info: Model `HTML' substituted by `rgb' on input line 1370.
Package xcolor Info: Model `Hsb' substituted by `hsb' on input line 1371.
Package xcolor Info: Model `tHsb' substituted by `hsb' on input line 1372.
Package xcolor Info: Model `HSB' substituted by `hsb' on input line 1373.
Package xcolor Info: Model `Gray' substituted by `gray' on input line 1374.
Package xcolor Info: Model `wave' substituted by `hsb' on input line 1375.
)
(C:\Users\eva.garcia.domingo\AppData\Local\Programs\MiKTeX\tex/generic/pgf/basi
clayer\pgfcore.code.tex
Package: pgfcore 2021/05/15 v3.1.9a (3.1.9a)

(C:\Users\eva.garcia.domingo\AppData\Local\Programs\MiKTeX\tex/generic/pgf/math
\pgfmath.code.tex)
(C:\Users\eva.garcia.domingo\AppData\Local\Programs\MiKTeX\tex/generic/pgf/math
\pgfint.code.tex)
(C:\Users\eva.garcia.domingo\AppData\Local\Programs\MiKTeX\tex/generic/pgf/basi
clayer\pgfcorepoints.code.tex
File: pgfcorepoints.code.tex 2021/05/15 v3.1.9a (3.1.9a)
\pgf@picminx=\dimen185
\pgf@picmaxx=\dimen186
\pgf@picminy=\dimen187
\pgf@picmaxy=\dimen188
\pgf@pathminx=\dimen189
\pgf@pathmaxx=\dimen190
\pgf@pathminy=\dimen191
\pgf@pathmaxy=\dimen192
\pgf@xx=\dimen193
\pgf@xy=\dimen194
\pgf@yx=\dimen195
\pgf@yy=\dimen196
\pgf@zx=\dimen197
\pgf@zy=\dimen198
)
(C:\Users\eva.garcia.domingo\AppData\Local\Programs\MiKTeX\tex/generic/pgf/basi
clayer\pgfcorepathconstruct.code.tex
File: pgfcorepathconstruct.code.tex 2021/05/15 v3.1.9a (3.1.9a)
\pgf@path@lastx=\dimen199
\pgf@path@lasty=\dimen256
)
(C:\Users\eva.garcia.domingo\AppData\Local\Programs\MiKTeX\tex/generic/pgf/basi
clayer\pgfcorepathusage.code.tex
File: pgfcorepathusage.code.tex 2021/05/15 v3.1.9a (3.1.9a)
\pgf@shorten@end@additional=\dimen257
\pgf@shorten@start@additional=\dimen258
)
(C:\Users\eva.garcia.domingo\AppData\Local\Programs\MiKTeX\tex/generic/pgf/basi
clayer\pgfcorescopes.code.tex
File: pgfcorescopes.code.tex 2021/05/15 v3.1.9a (3.1.9a)
\pgfpic=\box61
\pgf@hbox=\box62
\pgf@layerbox@main=\box63
\pgf@picture@serial@count=\count293
)
(C:\Users\eva.garcia.domingo\AppData\Local\Programs\MiKTeX\tex/generic/pgf/basi
clayer\pgfcoregraphicstate.code.tex
File: pgfcoregraphicstate.code.tex 2021/05/15 v3.1.9a (3.1.9a)
\pgflinewidth=\dimen259
)
(C:\Users\eva.garcia.domingo\AppData\Local\Programs\MiKTeX\tex/generic/pgf/basi
clayer\pgfcoretransformations.code.tex
File: pgfcoretransformations.code.tex 2021/05/15 v3.1.9a (3.1.9a)
\pgf@pt@x=\dimen260
\pgf@pt@y=\dimen261
\pgf@pt@temp=\dimen262
)
(C:\Users\eva.garcia.domingo\AppData\Local\Programs\MiKTeX\tex/generic/pgf/basi
clayer\pgfcorequick.code.tex
File: pgfcorequick.code.tex 2021/05/15 v3.1.9a (3.1.9a)
)
(C:\Users\eva.garcia.domingo\AppData\Local\Programs\MiKTeX\tex/generic/pgf/basi
clayer\pgfcoreobjects.code.tex
File: pgfcoreobjects.code.tex 2021/05/15 v3.1.9a (3.1.9a)
)
(C:\Users\eva.garcia.domingo\AppData\Local\Programs\MiKTeX\tex/generic/pgf/basi
clayer\pgfcorepathprocessing.code.tex
File: pgfcorepathprocessing.code.tex 2021/05/15 v3.1.9a (3.1.9a)
)
(C:\Users\eva.garcia.domingo\AppData\Local\Programs\MiKTeX\tex/generic/pgf/basi
clayer\pgfcorearrows.code.tex
File: pgfcorearrows.code.tex 2021/05/15 v3.1.9a (3.1.9a)
\pgfarrowsep=\dimen263
)
(C:\Users\eva.garcia.domingo\AppData\Local\Programs\MiKTeX\tex/generic/pgf/basi
clayer\pgfcoreshade.code.tex
File: pgfcoreshade.code.tex 2021/05/15 v3.1.9a (3.1.9a)
\pgf@max=\dimen264
\pgf@sys@shading@range@num=\count294
\pgf@shadingcount=\count295
)
(C:\Users\eva.garcia.domingo\AppData\Local\Programs\MiKTeX\tex/generic/pgf/basi
clayer\pgfcoreimage.code.tex
File: pgfcoreimage.code.tex 2021/05/15 v3.1.9a (3.1.9a)

(C:\Users\eva.garcia.domingo\AppData\Local\Programs\MiKTeX\tex/generic/pgf/basi
clayer\pgfcoreexternal.code.tex
File: pgfcoreexternal.code.tex 2021/05/15 v3.1.9a (3.1.9a)
\pgfexternal@startupbox=\box64
))
(C:\Users\eva.garcia.domingo\AppData\Local\Programs\MiKTeX\tex/generic/pgf/basi
clayer\pgfcorelayers.code.tex
File: pgfcorelayers.code.tex 2021/05/15 v3.1.9a (3.1.9a)
)
(C:\Users\eva.garcia.domingo\AppData\Local\Programs\MiKTeX\tex/generic/pgf/basi
clayer\pgfcoretransparency.code.tex
File: pgfcoretransparency.code.tex 2021/05/15 v3.1.9a (3.1.9a)
)
(C:\Users\eva.garcia.domingo\AppData\Local\Programs\MiKTeX\tex/generic/pgf/basi
clayer\pgfcorepatterns.code.tex
File: pgfcorepatterns.code.tex 2021/05/15 v3.1.9a (3.1.9a)
)
(C:\Users\eva.garcia.domingo\AppData\Local\Programs\MiKTeX\tex/generic/pgf/basi
clayer\pgfcorerdf.code.tex
File: pgfcorerdf.code.tex 2021/05/15 v3.1.9a (3.1.9a)
)))
(C:\Users\eva.garcia.domingo\AppData\Local\Programs\MiKTeX\tex/latex/pgf/utilit
ies\xxcolor.sty
Package: xxcolor 2003/10/24 ver 0.1
\XC@nummixins=\count296
\XC@countmixins=\count297
)
(C:\Users\eva.garcia.domingo\AppData\Local\Programs\MiKTeX\tex/latex/base\atbeg
shi-ltx.sty
Package: atbegshi-ltx 2021/01/10 v1.0c Emulation of the original atbegshi
package with kernel methods
)
(C:\Users\eva.garcia.domingo\AppData\Local\Programs\MiKTeX\tex/latex/hyperref\h
yperref.sty
Package: hyperref 2022-02-21 v7.00n Hypertext links for LaTeX

(C:\Users\eva.garcia.domingo\AppData\Local\Programs\MiKTeX\tex/generic/ltxcmds\
ltxcmds.sty
Package: ltxcmds 2020-05-10 v1.25 LaTeX kernel commands for general use (HO)
)
(C:\Users\eva.garcia.domingo\AppData\Local\Programs\MiKTeX\tex/generic/pdftexcm
ds\pdftexcmds.sty
Package: pdftexcmds 2020-06-27 v0.33 Utility functions of pdfTeX for LuaTeX (HO
)

(C:\Users\eva.garcia.domingo\AppData\Local\Programs\MiKTeX\tex/generic/infwarer
r\infwarerr.sty
Package: infwarerr 2019/12/03 v1.5 Providing info/warning/error messages (HO)
)
Package pdftexcmds Info: \pdf@primitive is available.
Package pdftexcmds Info: \pdf@ifprimitive is available.
Package pdftexcmds Info: \pdfdraftmode found.
)
(C:\Users\eva.garcia.domingo\AppData\Local\Programs\MiKTeX\tex/generic/kvsetkey
s\kvsetkeys.sty
Package: kvsetkeys 2019/12/15 v1.18 Key value parser (HO)
)
(C:\Users\eva.garcia.domingo\AppData\Local\Programs\MiKTeX\tex/generic/kvdefine
keys\kvdefinekeys.sty
Package: kvdefinekeys 2019-12-19 v1.6 Define keys (HO)
)
(C:\Users\eva.garcia.domingo\AppData\Local\Programs\MiKTeX\tex/generic/pdfescap
e\pdfescape.sty
Package: pdfescape 2019/12/09 v1.15 Implements pdfTeX's escape features (HO)
)
(C:\Users\eva.garcia.domingo\AppData\Local\Programs\MiKTeX\tex/latex/hycolor\hy
color.sty
Package: hycolor 2020-01-27 v1.10 Color options for hyperref/bookmark (HO)
)
(C:\Users\eva.garcia.domingo\AppData\Local\Programs\MiKTeX\tex/latex/letltxmacr
o\letltxmacro.sty
Package: letltxmacro 2019/12/03 v1.6 Let assignment for LaTeX macros (HO)
)
(C:\Users\eva.garcia.domingo\AppData\Local\Programs\MiKTeX\tex/latex/auxhook\au
xhook.sty
Package: auxhook 2019-12-17 v1.6 Hooks for auxiliary files (HO)
)
(C:\Users\eva.garcia.domingo\AppData\Local\Programs\MiKTeX\tex/latex/kvoptions\
kvoptions.sty
Package: kvoptions 2020-10-07 v3.14 Key value format for package options (HO)
)
\@linkdim=\dimen265
\Hy@linkcounter=\count298
\Hy@pagecounter=\count299

(C:\Users\eva.garcia.domingo\AppData\Local\Programs\MiKTeX\tex/latex/hyperref\p
d1enc.def
File: pd1enc.def 2022-02-21 v7.00n Hyperref: PDFDocEncoding definition (HO)
Now handling font encoding PD1 ...
... no UTF-8 mapping file for font encoding PD1
)
(C:\Users\eva.garcia.domingo\AppData\Local\Programs\MiKTeX\tex/generic/intcalc\
intcalc.sty
Package: intcalc 2019/12/15 v1.3 Expandable calculations with integers (HO)
)
(C:\Users\eva.garcia.domingo\AppData\Local\Programs\MiKTeX\tex/generic/etexcmds
\etexcmds.sty
Package: etexcmds 2019/12/15 v1.7 Avoid name clashes with e-TeX commands (HO)
)
\Hy@SavedSpaceFactor=\count300

(C:\Users\eva.garcia.domingo\AppData\Local\Programs\MiKTeX\tex/latex/hyperref\p
uenc.def
File: puenc.def 2022-02-21 v7.00n Hyperref: PDF Unicode definition (HO)
Now handling font encoding PU ...
... no UTF-8 mapping file for font encoding PU
)
Package hyperref Info: Option `bookmarks' set `true' on input line 4018.
Package hyperref Info: Option `bookmarksopen' set `true' on input line 4018.
Package hyperref Info: Option `implicit' set `false' on input line 4018.
Package hyperref Info: Hyper figures OFF on input line 4137.
Package hyperref Info: Link nesting OFF on input line 4142.
Package hyperref Info: Hyper index ON on input line 4145.
Package hyperref Info: Plain pages OFF on input line 4152.
Package hyperref Info: Backreferencing OFF on input line 4157.
Package hyperref Info: Implicit mode OFF; no redefinition of LaTeX internals.
Package hyperref Info: Bookmarks ON on input line 4390.
\c@Hy@tempcnt=\count301

(C:\Users\eva.garcia.domingo\AppData\Local\Programs\MiKTeX\tex/latex/url\url.st
y
\Urlmuskip=\muskip16
Package: url 2013/09/16  ver 3.4  Verb mode for urls, etc.
)
LaTeX Info: Redefining \url on input line 4749.
\XeTeXLinkMargin=\dimen266

(C:\Users\eva.garcia.domingo\AppData\Local\Programs\MiKTeX\tex/generic/bitset\b
itset.sty
Package: bitset 2019/12/09 v1.3 Handle bit-vector datatype (HO)

(C:\Users\eva.garcia.domingo\AppData\Local\Programs\MiKTeX\tex/generic/bigintca
lc\bigintcalc.sty
Package: bigintcalc 2019/12/15 v1.5 Expandable calculations on big integers (HO
)
))
\Fld@menulength=\count302
\Field@Width=\dimen267
\Fld@charsize=\dimen268
Package hyperref Info: Hyper figures OFF on input line 6027.
Package hyperref Info: Link nesting OFF on input line 6032.
Package hyperref Info: Hyper index ON on input line 6035.
Package hyperref Info: backreferencing OFF on input line 6042.
Package hyperref Info: Link coloring OFF on input line 6047.
Package hyperref Info: Link coloring with OCG OFF on input line 6052.
Package hyperref Info: PDF/A mode OFF on input line 6057.
LaTeX Info: Redefining \ref on input line 6097.
LaTeX Info: Redefining \pageref on input line 6101.
\Hy@abspage=\count303


Package hyperref Message: Stopped early.

)
Package hyperref Info: Driver (autodetected): hpdftex.

(C:\Users\eva.garcia.domingo\AppData\Local\Programs\MiKTeX\tex/latex/hyperref\h
pdftex.def
File: hpdftex.def 2022-02-21 v7.00n Hyperref driver for pdfTeX

(C:\Users\eva.garcia.domingo\AppData\Local\Programs\MiKTeX\tex/latex/base\atver
yend-ltx.sty
Package: atveryend-ltx 2020/08/19 v1.0a Emulation of the original atveryend pac
kage
with kernel methods
)
\Fld@listcount=\count304
\c@bookmark@seq@number=\count305

(C:\Users\eva.garcia.domingo\AppData\Local\Programs\MiKTeX\tex/latex/rerunfilec
heck\rerunfilecheck.sty
Package: rerunfilecheck 2019/12/05 v1.9 Rerun checks for auxiliary files (HO)

(C:\Users\eva.garcia.domingo\AppData\Local\Programs\MiKTeX\tex/generic/uniqueco
unter\uniquecounter.sty
Package: uniquecounter 2019/12/15 v1.4 Provide unlimited unique counter (HO)
)
Package uniquecounter Info: New unique counter `rerunfilecheck' on input line 2
86.
))
(C:\Users\eva.garcia.domingo\AppData\Local\Programs\MiKTeX\tex/latex/beamer\bea
merbaserequires.sty
(C:\Users\eva.garcia.domingo\AppData\Local\Programs\MiKTeX\tex/latex/beamer\bea
merbasecompatibility.sty)
(C:\Users\eva.garcia.domingo\AppData\Local\Programs\MiKTeX\tex/latex/beamer\bea
merbasefont.sty
(C:\Users\eva.garcia.domingo\AppData\Local\Programs\MiKTeX\tex/latex/amsfonts\a
mssymb.sty
Package: amssymb 2013/01/14 v3.01 AMS font symbols

(C:\Users\eva.garcia.domingo\AppData\Local\Programs\MiKTeX\tex/latex/amsfonts\a
msfonts.sty
Package: amsfonts 2013/01/14 v3.01 Basic AMSFonts support
\@emptytoks=\toks28
\symAMSa=\mathgroup4
\symAMSb=\mathgroup5
LaTeX Font Info:    Redeclaring math symbol \hbar on input line 98.
LaTeX Font Info:    Overwriting math alphabet `\mathfrak' in version `bold'
(Font)                  U/euf/m/n --> U/euf/b/n on input line 106.
))
(C:\Users\eva.garcia.domingo\AppData\Local\Programs\MiKTeX\tex/latex/sansmathac
cent\sansmathaccent.sty
Package: sansmathaccent 2020/01/31

(C:\Users\eva.garcia.domingo\AppData\Local\Programs\MiKTeX\tex/latex/koma-scrip
t\scrlfile.sty
Package: scrlfile 2022/05/01 v3.36 KOMA-Script package (file load hooks)

(C:\Users\eva.garcia.domingo\AppData\Local\Programs\MiKTeX\tex/latex/koma-scrip
t\scrlfile-hook.sty
Package: scrlfile-hook 2022/05/01 v3.36 KOMA-Script package (using LaTeX hooks)


(C:\Users\eva.garcia.domingo\AppData\Local\Programs\MiKTeX\tex/latex/koma-scrip
t\scrlogo.sty
Package: scrlogo 2022/05/01 v3.36 KOMA-Script package (logo)
)))))
(C:\Users\eva.garcia.domingo\AppData\Local\Programs\MiKTeX\tex/latex/beamer\bea
merbasetranslator.sty
(C:\Users\eva.garcia.domingo\AppData\Local\Programs\MiKTeX\tex/latex/translator
\translator.sty
Package: translator 2021-05-31 v1.12d Easy translation of strings in LaTeX
))
(C:\Users\eva.garcia.domingo\AppData\Local\Programs\MiKTeX\tex/latex/beamer\bea
merbasemisc.sty)
(C:\Users\eva.garcia.domingo\AppData\Local\Programs\MiKTeX\tex/latex/beamer\bea
merbasetwoscreens.sty)
(C:\Users\eva.garcia.domingo\AppData\Local\Programs\MiKTeX\tex/latex/beamer\bea
merbaseoverlay.sty
\beamer@argscount=\count306
\beamer@lastskipcover=\skip50
\beamer@trivlistdepth=\count307
)
(C:\Users\eva.garcia.domingo\AppData\Local\Programs\MiKTeX\tex/latex/beamer\bea
merbasetitle.sty)
(C:\Users\eva.garcia.domingo\AppData\Local\Programs\MiKTeX\tex/latex/beamer\bea
merbasesection.sty
\c@lecture=\count308
\c@part=\count309
\c@section=\count310
\c@subsection=\count311
\c@subsubsection=\count312
)
(C:\Users\eva.garcia.domingo\AppData\Local\Programs\MiKTeX\tex/latex/beamer\bea
merbaseframe.sty
\beamer@framebox=\box65
\beamer@frametitlebox=\box66
\beamer@zoombox=\box67
\beamer@zoomcount=\count313
\beamer@zoomframecount=\count314
\beamer@frametextheight=\dimen269
\c@subsectionslide=\count315
\beamer@frametopskip=\skip51
\beamer@framebottomskip=\skip52
\beamer@frametopskipautobreak=\skip53
\beamer@framebottomskipautobreak=\skip54
\beamer@envbody=\toks29
\framewidth=\dimen270
\c@framenumber=\count316
)
(C:\Users\eva.garcia.domingo\AppData\Local\Programs\MiKTeX\tex/latex/beamer\bea
merbaseverbatim.sty
\beamer@verbatimfileout=\write4
)
(C:\Users\eva.garcia.domingo\AppData\Local\Programs\MiKTeX\tex/latex/beamer\bea
merbaseframesize.sty
\beamer@splitbox=\box68
\beamer@autobreakcount=\count317
\beamer@autobreaklastheight=\dimen271
\beamer@frametitletoks=\toks30
\beamer@framesubtitletoks=\toks31
)
(C:\Users\eva.garcia.domingo\AppData\Local\Programs\MiKTeX\tex/latex/beamer\bea
merbaseframecomponents.sty
\beamer@footins=\box69
)
(C:\Users\eva.garcia.domingo\AppData\Local\Programs\MiKTeX\tex/latex/beamer\bea
merbasecolor.sty)
(C:\Users\eva.garcia.domingo\AppData\Local\Programs\MiKTeX\tex/latex/beamer\bea
merbasenotes.sty
\beamer@frameboxcopy=\box70
)
(C:\Users\eva.garcia.domingo\AppData\Local\Programs\MiKTeX\tex/latex/beamer\bea
merbasetoc.sty)
(C:\Users\eva.garcia.domingo\AppData\Local\Programs\MiKTeX\tex/latex/beamer\bea
merbasetemplates.sty
\beamer@sbttoks=\toks32

(C:\Users\eva.garcia.domingo\AppData\Local\Programs\MiKTeX\tex/latex/beamer\bea
merbaseauxtemplates.sty
(C:\Users\eva.garcia.domingo\AppData\Local\Programs\MiKTeX\tex/latex/beamer\bea
merbaseboxes.sty
\bmb@box=\box71
\bmb@colorbox=\box72
\bmb@boxwidth=\dimen272
\bmb@boxheight=\dimen273
\bmb@prevheight=\dimen274
\bmb@temp=\dimen275
\bmb@dima=\dimen276
\bmb@dimb=\dimen277
\bmb@prevheight=\dimen278
)
\beamer@blockheadheight=\dimen279
))
(C:\Users\eva.garcia.domingo\AppData\Local\Programs\MiKTeX\tex/latex/beamer\bea
merbaselocalstructure.sty
(C:\Users\eva.garcia.domingo\AppData\Local\Programs\MiKTeX\tex/latex/tools\enum
erate.sty
Package: enumerate 2015/07/23 v3.00 enumerate extensions (DPC)
\@enLab=\toks33
)
\beamer@bibiconwidth=\skip55
\c@figure=\count318
\c@table=\count319
\abovecaptionskip=\skip56
\belowcaptionskip=\skip57
)
(C:\Users\eva.garcia.domingo\AppData\Local\Programs\MiKTeX\tex/latex/beamer\bea
merbasenavigation.sty
\beamer@section@min@dim=\dimen280
)
(C:\Users\eva.garcia.domingo\AppData\Local\Programs\MiKTeX\tex/latex/beamer\bea
merbasetheorems.sty
(C:\Users\eva.garcia.domingo\AppData\Local\Programs\MiKTeX\tex/latex/amsmath\am
smath.sty
Package: amsmath 2021/10/15 v2.17l AMS math features
\@mathmargin=\skip58

For additional information on amsmath, use the `?' option.

(C:\Users\eva.garcia.domingo\AppData\Local\Programs\MiKTeX\tex/latex/amsmath\am
stext.sty
Package: amstext 2021/08/26 v2.01 AMS text

(C:\Users\eva.garcia.domingo\AppData\Local\Programs\MiKTeX\tex/latex/amsmath\am
sgen.sty
File: amsgen.sty 1999/11/30 v2.0 generic functions
\@emptytoks=\toks34
\ex@=\dimen281
))
(C:\Users\eva.garcia.domingo\AppData\Local\Programs\MiKTeX\tex/latex/amsmath\am
sbsy.sty
Package: amsbsy 1999/11/29 v1.2d Bold Symbols
\pmbraise@=\dimen282
)
(C:\Users\eva.garcia.domingo\AppData\Local\Programs\MiKTeX\tex/latex/amsmath\am
sopn.sty
Package: amsopn 2021/08/26 v2.02 operator names
)
\inf@bad=\count320
LaTeX Info: Redefining \frac on input line 234.
\uproot@=\count321
\leftroot@=\count322
LaTeX Info: Redefining \overline on input line 399.
\classnum@=\count323
\DOTSCASE@=\count324
LaTeX Info: Redefining \ldots on input line 496.
LaTeX Info: Redefining \dots on input line 499.
LaTeX Info: Redefining \cdots on input line 620.
\Mathstrutbox@=\box73
\strutbox@=\box74
\big@size=\dimen283
LaTeX Font Info:    Redeclaring font encoding OML on input line 743.
LaTeX Font Info:    Redeclaring font encoding OMS on input line 744.
\macc@depth=\count325
\c@MaxMatrixCols=\count326
\dotsspace@=\muskip17
\c@parentequation=\count327
\dspbrk@lvl=\count328
\tag@help=\toks35
\row@=\count329
\column@=\count330
\maxfields@=\count331
\andhelp@=\toks36
\eqnshift@=\dimen284
\alignsep@=\dimen285
\tagshift@=\dimen286
\tagwidth@=\dimen287
\totwidth@=\dimen288
\lineht@=\dimen289
\@envbody=\toks37
\multlinegap=\skip59
\multlinetaggap=\skip60
\mathdisplay@stack=\toks38
LaTeX Info: Redefining \[ on input line 2938.
LaTeX Info: Redefining \] on input line 2939.
)
(C:\Users\eva.garcia.domingo\AppData\Local\Programs\MiKTeX\tex/latex/amscls\ams
thm.sty
Package: amsthm 2020/05/29 v2.20.6
\thm@style=\toks39
\thm@bodyfont=\toks40
\thm@headfont=\toks41
\thm@notefont=\toks42
\thm@headpunct=\toks43
\thm@preskip=\skip61
\thm@postskip=\skip62
\thm@headsep=\skip63
\dth@everypar=\toks44
)
\c@theorem=\count332
)
(C:\Users\eva.garcia.domingo\AppData\Local\Programs\MiKTeX\tex/latex/beamer\bea
merbasethemes.sty))
(C:\Users\eva.garcia.domingo\AppData\Local\Programs\MiKTeX\tex/latex/beamer\bea
merthemedefault.sty
(C:\Users\eva.garcia.domingo\AppData\Local\Programs\MiKTeX\tex/latex/beamer\bea
merfontthemedefault.sty)
(C:\Users\eva.garcia.domingo\AppData\Local\Programs\MiKTeX\tex/latex/beamer\bea
mercolorthemedefault.sty)
(C:\Users\eva.garcia.domingo\AppData\Local\Programs\MiKTeX\tex/latex/beamer\bea
merinnerthemedefault.sty
\beamer@dima=\dimen290
\beamer@dimb=\dimen291
)
(C:\Users\eva.garcia.domingo\AppData\Local\Programs\MiKTeX\tex/latex/beamer\bea
merouterthemedefault.sty)))
(C:\Users\eva.garcia.domingo\AppData\Local\Programs\MiKTeX\tex/latex/beamer\bea
merthemeBoadilla.sty
(C:\Users\eva.garcia.domingo\AppData\Local\Programs\MiKTeX\tex/latex/beamer\bea
mercolorthemerose.sty)
(C:\Users\eva.garcia.domingo\AppData\Local\Programs\MiKTeX\tex/latex/beamer\bea
merinnerthemerounded.sty)
(C:\Users\eva.garcia.domingo\AppData\Local\Programs\MiKTeX\tex/latex/beamer\bea
mercolorthemedolphin.sty)
(C:\Users\eva.garcia.domingo\AppData\Local\Programs\MiKTeX\tex/latex/beamer\bea
merouterthemeinfolines.sty))
(C:\Users\eva.garcia.domingo\AppData\Local\Programs\MiKTeX\tex/generic/babel\ba
bel.sty
Package: babel 2022/02/26 3.73 The Babel package
\babel@savecnt=\count333
\U@D=\dimen292
\l@unhyphenated=\language79

(C:\Users\eva.garcia.domingo\AppData\Local\Programs\MiKTeX\tex/generic/babel\tx
tbabel.def)
\bbl@readstream=\read3
LaTeX Info: Redefining \textlatin on input line 3969.
\bbl@dirlevel=\count334

*************************************
* Local config file bblopts.cfg used
*

(C:\Users\eva.garcia.domingo\AppData\Local\Programs\MiKTeX\tex/latex/arabi\bblo
pts.cfg
File: bblopts.cfg 2005/09/08 v0.1 add Arabic and Farsi to "declared" options of
 babel
)
(C:\Users\eva.garcia.domingo\AppData\Local\Programs\MiKTeX\tex/latex/babel-span
ish\spanish.ldf
Language: spanish.ldf 2021/05/27 v5.0q Spanish support from the babel system
\es@quottoks=\toks45
\es@quotdepth=\count335
Package babel Info: Making " an active character on input line 570.
Package babel Info: Making . an active character on input line 675.
Package babel Info: Making < an active character on input line 722.
Package babel Info: Making > an active character on input line 722.
))
(C:\Users\eva.garcia.domingo\AppData\Local\Programs\MiKTeX\tex/latex/base\input
enc.sty
Package: inputenc 2021/02/14 v1.3d Input encoding file
\inpenc@prehook=\toks46
\inpenc@posthook=\toks47
)
(C:\Users\eva.garcia.domingo\AppData\Local\Programs\MiKTeX\tex/latex/caption\ca
ption.sty
Package: caption 2022/03/01 v3.6b Customizing captions (AR)

(C:\Users\eva.garcia.domingo\AppData\Local\Programs\MiKTeX\tex/latex/caption\ca
ption3.sty
Package: caption3 2022/03/17 v2.3b caption3 kernel (AR)
\caption@tempdima=\dimen293
\captionmargin=\dimen294
\caption@leftmargin=\dimen295
\caption@rightmargin=\dimen296
\caption@width=\dimen297
\caption@indent=\dimen298
\caption@parindent=\dimen299
\caption@hangindent=\dimen300
Package caption Info: beamer document class detected.

(C:\Users\eva.garcia.domingo\AppData\Local\Programs\MiKTeX\tex/latex/caption\ca
ption-beamer.sto
File: caption-beamer.sto 2022/01/06 v2.0c Adaption of the caption package to th
e beamer document classes (AR)
))
\c@caption@flags=\count336
\c@continuedfloat=\count337
Package caption Info: hyperref package is loaded.
Package caption Info: Hyperref support is turned off
(caption)             because hyperref has stopped early.
)
(C:\Users\eva.garcia.domingo\AppData\Local\Programs\MiKTeX\tex/latex/caption\su
bcaption.sty
Package: subcaption 2022/01/07 v1.5 Sub-captions (AR)
\c@subfigure=\count338
\c@subtable=\count339
)
(C:\Users\eva.garcia.domingo\AppData\Local\Programs\MiKTeX\tex/latex/booktabs\b
ooktabs.sty
Package: booktabs 2020/01/12 v1.61803398 Publication quality tables
\heavyrulewidth=\dimen301
\lightrulewidth=\dimen302
\cmidrulewidth=\dimen303
\belowrulesep=\dimen304
\belowbottomsep=\dimen305
\aboverulesep=\dimen306
\abovetopsep=\dimen307
\cmidrulesep=\dimen308
\cmidrulekern=\dimen309
\defaultaddspace=\dimen310
\@cmidla=\count340
\@cmidlb=\count341
\@aboverulesep=\dimen311
\@belowrulesep=\dimen312
\@thisruleclass=\count342
\@lastruleclass=\count343
\@thisrulewidth=\dimen313
)
(C:\Users\eva.garcia.domingo\AppData\Local\Programs\MiKTeX\tex/latex/tools\mult
icol.sty
Package: multicol 2021/10/28 v1.9b multicolumn formatting (FMi)
\c@tracingmulticols=\count344
\mult@box=\box75
\multicol@leftmargin=\dimen314
\c@unbalance=\count345
\c@collectmore=\count346
\doublecol@number=\count347
\multicoltolerance=\count348
\multicolpretolerance=\count349
\full@width=\dimen315
\page@free=\dimen316
\premulticols=\dimen317
\postmulticols=\dimen318
\multicolsep=\skip64
\multicolbaselineskip=\skip65
\partial@page=\box76
\last@line=\box77
\maxbalancingoverflow=\dimen319
\mult@rightbox=\box78
\mult@grightbox=\box79
\mult@firstbox=\box80
\mult@gfirstbox=\box81
\@tempa=\box82
\@tempa=\box83
\@tempa=\box84
\@tempa=\box85
\@tempa=\box86
\@tempa=\box87
\@tempa=\box88
\@tempa=\box89
\@tempa=\box90
\@tempa=\box91
\@tempa=\box92
\@tempa=\box93
\@tempa=\box94
\@tempa=\box95
\@tempa=\box96
\@tempa=\box97
\@tempa=\box98
\@tempa=\box99
\@tempa=\box100
\@tempa=\box101
\@tempa=\box102
\@tempa=\box103
\@tempa=\box104
\@tempa=\box105
\@tempa=\box106
\@tempa=\box107
\@tempa=\box108
\@tempa=\box109
\@tempa=\box110
\@tempa=\box111
\@tempa=\box112
\@tempa=\box113
\@tempa=\box114
\@tempa=\box115
\@tempa=\box116
\@tempa=\box117
\c@minrows=\count350
\c@columnbadness=\count351
\c@finalcolumnbadness=\count352
\last@try=\dimen320
\multicolovershoot=\dimen321
\multicolundershoot=\dimen322
\mult@nat@firstbox=\box118
\colbreak@box=\box119
\mc@col@check@num=\count353
)
(C:\Users\eva.garcia.domingo\AppData\Local\Programs\MiKTeX\tex/latex/media9\med
ia9.sty
(C:\Users\eva.garcia.domingo\AppData\Local\Programs\MiKTeX\tex/latex/l3packages
/l3keys2e\l3keys2e.sty
(C:\Users\eva.garcia.domingo\AppData\Local\Programs\MiKTeX\tex/latex/l3kernel\e
xpl3.sty
Package: expl3 2022-02-24 L3 programming layer (loader) 

(C:\Users\eva.garcia.domingo\AppData\Local\Programs\MiKTeX\tex/latex/l3backend\
l3backend-pdftex.def
File: l3backend-pdftex.def 2022-02-07 L3 backend support: PDF output (pdfTeX)
\l__color_backend_stack_int=\count354
\l__pdf_internal_box=\box120
))
Package: l3keys2e 2022-01-12 LaTeX2e option processing using LaTeX3 keys
)
Package: media9 2022/03/18 v1.24 acrobat-9/X compatible media
\g_mix_pkgresizeflag_int=\count355

(C:\Users\eva.garcia.domingo\AppData\Local\Programs\MiKTeX\tex/latex/media9\pdf
base.sty
Package: pdfbase 2022/03/18 v0.54 driver independent access to low-level PDF fe
atures
\g_pbs_page_int=\count356
\g_pbs_oc_int=\count357
)
(C:\Users\eva.garcia.domingo\AppData\Local\Programs\MiKTeX\tex/latex/ocgx2\ocgb
ase.sty
Package: ocgbase 2022/04/01 v0.21 support package for ocgx2.sty
\g_ocgbase_nd_int=\count358
)
\l_mix_poster_box=\box121
\g_mix_wd_dim=\dimen323
\g_mix_ht_dim=\dimen324
\g_mix_dp_dim=\dimen325
\g_mix_rmcnt_int=\count359
\l_mix_viewcnt_int=\count360
\g@mix@page@int=\count361
\g_mix_resizeflag_int=\count362
\l_mix_lineno_int=\count363
\l_mix_pbtn_box=\box122
\g_mix_mbtncnt_int=\count364
\mix@btn@dim=\dimen326
)
(C:\Users\eva.garcia.domingo\AppData\Local\Programs\MiKTeX\tex/latex/pgf/utilit
ies\pgfpages.sty
Package: pgfpages 2011/01/05 ver 0.02

(C:\Users\eva.garcia.domingo\AppData\Local\Programs\MiKTeX\tex/latex/tools\calc
.sty
Package: calc 2017/05/25 v4.3 Infix arithmetic (KKT,FJ)
\calc@Acount=\count365
\calc@Bcount=\count366
\calc@Adimen=\dimen327
\calc@Bdimen=\dimen328
\calc@Askip=\skip66
\calc@Bskip=\skip67
LaTeX Info: Redefining \setlength on input line 80.
LaTeX Info: Redefining \addtolength on input line 81.
\calc@Ccount=\count367
\calc@Cskip=\skip68
)
\pgf@logicalpages=\count368
\pgf@firstshipout=\count369
\pgf@lastshipout=\count370
\pgf@currentshipout=\count371
\pgf@cpn=\count372
\pgf@shipoutnextto=\count373
\pgfphysicalheight=\dimen329
\pgfphysicalwidth=\dimen330
\pgfpages@shipoutbox=\box123
)
(C:\Users\eva.garcia.domingo\AppData\Local\Programs\MiKTeX\tex/latex/listings\l
istings.sty
\lst@mode=\count374
\lst@gtempboxa=\box124
\lst@token=\toks48
\lst@length=\count375
\lst@currlwidth=\dimen331
\lst@column=\count376
\lst@pos=\count377
\lst@lostspace=\dimen332
\lst@width=\dimen333
\lst@newlines=\count378
\lst@lineno=\count379
\lst@maxwidth=\dimen334

(C:\Users\eva.garcia.domingo\AppData\Local\Programs\MiKTeX\tex/latex/listings\l
stmisc.sty
File: lstmisc.sty 2020/03/24 1.8d (Carsten Heinz)
\c@lstnumber=\count380
\lst@skipnumbers=\count381
\lst@framebox=\box125
)
(C:\Users\eva.garcia.domingo\AppData\Local\Programs\MiKTeX\tex/latex/listings\l
istings.cfg
File: listings.cfg 2020/03/24 1.8d listings configuration
))
Package: listings 2020/03/24 1.8d (Carsten Heinz)

(C:\Users\eva.garcia.domingo\AppData\Local\Programs\MiKTeX\tex/latex/beamer\mul
timedia.sty
Package: multimedia 2012/05/02 ver 0.02

(C:\Users\eva.garcia.domingo\AppData\Local\Programs\MiKTeX\tex/generic/iftex\if
pdf.sty
Package: ifpdf 2019/10/25 v3.4 ifpdf legacy package. Use iftex instead.
)
\mm@movie=\count382
)
(C:\Users\eva.garcia.domingo\AppData\Local\Programs\MiKTeX\tex/latex/adjustbox\
adjustbox.sty
Package: adjustbox 2020/08/19 v1.3 Adjusting TeX boxes (trim, clip, ...)

(C:\Users\eva.garcia.domingo\AppData\Local\Programs\MiKTeX\tex/latex/xkeyval\xk
eyval.sty
Package: xkeyval 2020/11/20 v2.8 package option processing (HA)

(C:\Users\eva.garcia.domingo\AppData\Local\Programs\MiKTeX\tex/generic/xkeyval\
xkeyval.tex
(C:\Users\eva.garcia.domingo\AppData\Local\Programs\MiKTeX\tex/generic/xkeyval\
xkvutils.tex
\XKV@toks=\toks49
\XKV@tempa@toks=\toks50
)
\XKV@depth=\count383
File: xkeyval.tex 2014/12/03 v2.7a key=value parser (HA)
))
(C:\Users\eva.garcia.domingo\AppData\Local\Programs\MiKTeX\tex/latex/adjustbox\
adjcalc.sty
Package: adjcalc 2012/05/16 v1.1 Provides advanced setlength with multiple back
-ends (calc, etex, pgfmath)
)
(C:\Users\eva.garcia.domingo\AppData\Local\Programs\MiKTeX\tex/latex/adjustbox\
trimclip.sty
Package: trimclip 2020/08/19 v1.2 Trim and clip general TeX material

(C:\Users\eva.garcia.domingo\AppData\Local\Programs\MiKTeX\tex/latex/collectbox
\collectbox.sty
Package: collectbox 2012/05/17 v0.4b Collect macro arguments as boxes
\collectedbox=\box126
)
\tc@llx=\dimen335
\tc@lly=\dimen336
\tc@urx=\dimen337
\tc@ury=\dimen338
Package trimclip Info: Using driver 'tc-pdftex.def'.

(C:\Users\eva.garcia.domingo\AppData\Local\Programs\MiKTeX\tex/latex/adjustbox\
tc-pdftex.def
File: tc-pdftex.def 2019/01/04 v2.2 Clipping driver for pdftex
))
\adjbox@Width=\dimen339
\adjbox@Height=\dimen340
\adjbox@Depth=\dimen341
\adjbox@Totalheight=\dimen342
\adjbox@pwidth=\dimen343
\adjbox@pheight=\dimen344
\adjbox@pdepth=\dimen345
\adjbox@ptotalheight=\dimen346

(C:\Users\eva.garcia.domingo\AppData\Local\Programs\MiKTeX\tex/latex/ifoddpage\
ifoddpage.sty
Package: ifoddpage 2016/04/23 v1.1 Conditionals for odd/even page detection
\c@checkoddpage=\count384
)
(C:\Users\eva.garcia.domingo\AppData\Local\Programs\MiKTeX\tex/latex/varwidth\v
arwidth.sty
Package: varwidth 2009/03/30 ver 0.92;  Variable-width minipages
\@vwid@box=\box127
\sift@deathcycles=\count385
\@vwid@loff=\dimen347
\@vwid@roff=\dimen348
))
(C:\Users\eva.garcia.domingo\AppData\Local\Programs\MiKTeX\tex/latex/outlines\o
utlines.sty
Package: outlines 2012/1/23 1.1 Ch. Pecheur

(C:\Users\eva.garcia.domingo\AppData\Local\Programs\MiKTeX\tex/latex/base\ifthe
n.sty
Package: ifthen 2020/11/24 v1.1c Standard LaTeX ifthen package (DPC)
))
(C:\Users\eva.garcia.domingo\AppData\Local\Programs\MiKTeX\tex/latex/tools\arra
y.sty
Package: array 2021/10/04 v2.5f Tabular extension package (FMi)
\col@sep=\dimen349
\ar@mcellbox=\box128
\extrarowheight=\dimen350
\NC@list=\toks51
\extratabsurround=\skip69
\backup@length=\skip70
\ar@cellbox=\box129
)
(C:\Users\eva.garcia.domingo\AppData\Local\Programs\MiKTeX\tex/latex/tools\tabu
larx.sty
Package: tabularx 2020/01/15 v2.11c `tabularx' package (DPC)
\TX@col@width=\dimen351
\TX@old@table=\dimen352
\TX@old@col=\dimen353
\TX@target=\dimen354
\TX@delta=\dimen355
\TX@cols=\count386
\TX@ftn=\toks52
)
Package hyperref Info: Option `colorlinks' set `true' on input line 56.
 (slides.aux
LaTeX Info: Redefining \. on input line 29.
LaTeX Info: Redefining \% on input line 29.
)
\openout1 = `slides.aux'.

LaTeX Font Info:    Checking defaults for OML/cmm/m/it on input line 75.
LaTeX Font Info:    ... okay on input line 75.
LaTeX Font Info:    Checking defaults for OMS/cmsy/m/n on input line 75.
LaTeX Font Info:    ... okay on input line 75.
LaTeX Font Info:    Checking defaults for OT1/cmr/m/n on input line 75.
LaTeX Font Info:    ... okay on input line 75.
LaTeX Font Info:    Checking defaults for T1/cmr/m/n on input line 75.
LaTeX Font Info:    ... okay on input line 75.
LaTeX Font Info:    Checking defaults for TS1/cmr/m/n on input line 75.
LaTeX Font Info:    ... okay on input line 75.
LaTeX Font Info:    Checking defaults for OMX/cmex/m/n on input line 75.
LaTeX Font Info:    ... okay on input line 75.
LaTeX Font Info:    Checking defaults for U/cmr/m/n on input line 75.
LaTeX Font Info:    ... okay on input line 75.
LaTeX Font Info:    Checking defaults for PD1/pdf/m/n on input line 75.
LaTeX Font Info:    ... okay on input line 75.
LaTeX Font Info:    Checking defaults for PU/pdf/m/n on input line 75.
LaTeX Font Info:    ... okay on input line 75.

*geometry* driver: auto-detecting
*geometry* detected driver: pdftex
*geometry* verbose mode - [ preamble ] result:
* driver: pdftex
* paper: custom
* layout: <same size as paper>
* layoutoffset:(h,v)=(0.0pt,0.0pt)
* modes: includehead includefoot 
* h-part:(L,W,R)=(10.95003pt, 342.2953pt, 10.95003pt)
* v-part:(T,H,B)=(0.0pt, 273.14662pt, 0.0pt)
* \paperwidth=364.19536pt
* \paperheight=273.14662pt
* \textwidth=342.2953pt
* \textheight=244.6939pt
* \oddsidemargin=-61.31996pt
* \evensidemargin=-61.31996pt
* \topmargin=-72.26999pt
* \headheight=14.22636pt
* \headsep=0.0pt
* \topskip=11.0pt
* \footskip=14.22636pt
* \marginparwidth=4.0pt
* \marginparsep=10.0pt
* \columnsep=10.0pt
* \skip\footins=10.0pt plus 4.0pt minus 2.0pt
* \hoffset=0.0pt
* \voffset=0.0pt
* \mag=1000
* \@twocolumnfalse
* \@twosidefalse
* \@mparswitchfalse
* \@reversemarginfalse
* (1in=72.27pt=25.4mm, 1cm=28.453pt)


(C:\Users\eva.garcia.domingo\AppData\Local\Programs\MiKTeX\tex/context/base/mki
i\supp-pdf.mkii
[Loading MPS to PDF converter (version 2006.09.02).]
\scratchcounter=\count387
\scratchdimen=\dimen356
\scratchbox=\box130
\nofMPsegments=\count388
\nofMParguments=\count389
\everyMPshowfont=\toks53
\MPscratchCnt=\count390
\MPscratchDim=\dimen357
\MPnumerator=\count391
\makeMPintoPDFobject=\count392
\everyMPtoPDFconversion=\toks54
)
(C:\Users\eva.garcia.domingo\AppData\Local\Programs\MiKTeX\tex/latex/epstopdf-p
kg\epstopdf-base.sty
Package: epstopdf-base 2020-01-24 v2.11 Base part for package epstopdf
Package epstopdf-base Info: Redefining graphics rule for `.eps' on input line 4
85.

(C:\Users\eva.garcia.domingo\AppData\Local\Programs\MiKTeX\tex/latex/00miktex\e
pstopdf-sys.cfg
File: epstopdf-sys.cfg 2021/03/18 v2.0 Configuration of epstopdf for MiKTeX
))
Package hyperref Info: Link coloring ON on input line 75.

(C:\Users\eva.garcia.domingo\AppData\Local\Programs\MiKTeX\tex/latex/hyperref\n
ameref.sty
Package: nameref 2021-04-02 v2.47 Cross-referencing by name of section

(C:\Users\eva.garcia.domingo\AppData\Local\Programs\MiKTeX\tex/latex/refcount\r
efcount.sty
Package: refcount 2019/12/15 v3.6 Data extraction from label references (HO)
)
(C:\Users\eva.garcia.domingo\AppData\Local\Programs\MiKTeX\tex/generic/gettitle
string\gettitlestring.sty
Package: gettitlestring 2019/12/15 v1.6 Cleanup title references (HO)
)
\c@section@level=\count393
)
LaTeX Info: Redefining \ref on input line 75.
LaTeX Info: Redefining \pageref on input line 75.
LaTeX Info: Redefining \nameref on input line 75.
 (slides.out) (slides.out)
\@outlinefile=\write5
\openout5 = `slides.out'.

LaTeX Font Info:    Overwriting symbol font `operators' in version `normal'
(Font)                  OT1/cmr/m/n --> OT1/cmss/m/n on input line 75.
LaTeX Font Info:    Overwriting symbol font `operators' in version `bold'
(Font)                  OT1/cmr/bx/n --> OT1/cmss/b/n on input line 75.
\symnumbers=\mathgroup6
\sympureletters=\mathgroup7
LaTeX Font Info:    Overwriting math alphabet `\mathrm' in version `normal'
(Font)                  OT1/cmss/m/n --> OT1/cmr/m/n on input line 75.
LaTeX Font Info:    Redeclaring math alphabet \mathbf on input line 75.
LaTeX Font Info:    Overwriting math alphabet `\mathbf' in version `normal'
(Font)                  OT1/cmr/bx/n --> OT1/cmss/b/n on input line 75.
LaTeX Font Info:    Overwriting math alphabet `\mathbf' in version `bold'
(Font)                  OT1/cmr/bx/n --> OT1/cmss/b/n on input line 75.
LaTeX Font Info:    Redeclaring math alphabet \mathsf on input line 75.
LaTeX Font Info:    Overwriting math alphabet `\mathsf' in version `normal'
(Font)                  OT1/cmss/m/n --> OT1/cmss/m/n on input line 75.
LaTeX Font Info:    Overwriting math alphabet `\mathsf' in version `bold'
(Font)                  OT1/cmss/bx/n --> OT1/cmss/m/n on input line 75.
LaTeX Font Info:    Redeclaring math alphabet \mathit on input line 75.
LaTeX Font Info:    Overwriting math alphabet `\mathit' in version `normal'
(Font)                  OT1/cmr/m/it --> OT1/cmss/m/it on input line 75.
LaTeX Font Info:    Overwriting math alphabet `\mathit' in version `bold'
(Font)                  OT1/cmr/bx/it --> OT1/cmss/m/it on input line 75.
LaTeX Font Info:    Redeclaring math alphabet \mathtt on input line 75.
LaTeX Font Info:    Overwriting math alphabet `\mathtt' in version `normal'
(Font)                  OT1/cmtt/m/n --> OT1/cmtt/m/n on input line 75.
LaTeX Font Info:    Overwriting math alphabet `\mathtt' in version `bold'
(Font)                  OT1/cmtt/m/n --> OT1/cmtt/m/n on input line 75.
LaTeX Font Info:    Overwriting symbol font `numbers' in version `bold'
(Font)                  OT1/cmss/m/n --> OT1/cmss/b/n on input line 75.
LaTeX Font Info:    Overwriting symbol font `pureletters' in version `bold'
(Font)                  OT1/cmss/m/it --> OT1/cmss/b/it on input line 75.
LaTeX Font Info:    Overwriting math alphabet `\mathrm' in version `bold'
(Font)                  OT1/cmss/b/n --> OT1/cmr/b/n on input line 75.
LaTeX Font Info:    Overwriting math alphabet `\mathbf' in version `bold'
(Font)                  OT1/cmss/b/n --> OT1/cmss/b/n on input line 75.
LaTeX Font Info:    Overwriting math alphabet `\mathsf' in version `bold'
(Font)                  OT1/cmss/m/n --> OT1/cmss/b/n on input line 75.
LaTeX Font Info:    Overwriting math alphabet `\mathit' in version `bold'
(Font)                  OT1/cmss/m/it --> OT1/cmss/b/it on input line 75.
LaTeX Font Info:    Overwriting math alphabet `\mathtt' in version `bold'
(Font)                  OT1/cmtt/m/n --> OT1/cmtt/b/n on input line 75.
LaTeX Font Info:    Redeclaring symbol font `pureletters' on input line 75.
LaTeX Font Info:    Overwriting symbol font `pureletters' in version `normal'
(Font)                  OT1/cmss/m/it --> OT1/mathkerncmss/m/sl on input line 7
5.
LaTeX Font Info:    Overwriting symbol font `pureletters' in version `bold'
(Font)                  OT1/cmss/b/it --> OT1/mathkerncmss/m/sl on input line 7
5.
LaTeX Font Info:    Overwriting symbol font `pureletters' in version `bold'
(Font)                  OT1/mathkerncmss/m/sl --> OT1/mathkerncmss/bx/sl on inp
ut line 75.

(C:\Users\eva.garcia.domingo\AppData\Local\Programs\MiKTeX\tex/latex/translator
\translator-basic-dictionary-English.dict
Dictionary: translator-basic-dictionary, Language: English 
)
(C:\Users\eva.garcia.domingo\AppData\Local\Programs\MiKTeX\tex/latex/translator
\translator-bibliography-dictionary-English.dict
Dictionary: translator-bibliography-dictionary, Language: English 
)
(C:\Users\eva.garcia.domingo\AppData\Local\Programs\MiKTeX\tex/latex/translator
\translator-environment-dictionary-English.dict
Dictionary: translator-environment-dictionary, Language: English 
)
(C:\Users\eva.garcia.domingo\AppData\Local\Programs\MiKTeX\tex/latex/translator
\translator-months-dictionary-English.dict
Dictionary: translator-months-dictionary, Language: English 
)
(C:\Users\eva.garcia.domingo\AppData\Local\Programs\MiKTeX\tex/latex/translator
\translator-numbers-dictionary-English.dict
Dictionary: translator-numbers-dictionary, Language: English 
)
(C:\Users\eva.garcia.domingo\AppData\Local\Programs\MiKTeX\tex/latex/translator
\translator-theorem-dictionary-English.dict
Dictionary: translator-theorem-dictionary, Language: English 
)
LaTeX Info: Redefining \. on input line 75.
LaTeX Info: Redefining \% on input line 75.
Package caption Info: Begin \AtBeginDocument code.
Package caption Info: listings package is loaded.
Package caption Info: End \AtBeginDocument code.
\c@lstlisting=\count394
 (slides.nav)
LaTeX Font Info:    Trying to load font information for U+msa on input line 82.


(C:\Users\eva.garcia.domingo\AppData\Local\Programs\MiKTeX\tex/latex/amsfonts\u
msa.fd
File: umsa.fd 2013/01/14 v3.01 AMS symbols A
)
LaTeX Font Info:    Trying to load font information for U+msb on input line 82.


(C:\Users\eva.garcia.domingo\AppData\Local\Programs\MiKTeX\tex/latex/amsfonts\u
msb.fd
File: umsb.fd 2013/01/14 v3.01 AMS symbols B
)
LaTeX Font Info:    Trying to load font information for OT1+mathkerncmss on inp
ut line 82.

(C:\Users\eva.garcia.domingo\AppData\Local\Programs\MiKTeX\tex/latex/sansmathac
cent\ot1mathkerncmss.fd
File: ot1mathkerncmss.fd 2020/01/31 Fontinst v1.933 font definitions for OT1/ma
thkerncmss.
)
<figs//logo-urjc.jpg, id=55, 525.965pt x 210.7875pt>
File: figs//logo-urjc.jpg Graphic file (type jpg)
<use figs//logo-urjc.jpg>
Package pdftex.def Info: figs//logo-urjc.jpg  used on input line 82.
(pdftex.def)             Requested size: 85.35826pt x 34.20592pt.
 [1

{C:/Users/eva.garcia.domingo/AppData/Local/MiKTeX/fonts/map/pdftex/pdftex.map} 
<./figs//logo-urjc.jpg>] (licencia.tex
<figs/by-nc-sa.png, id=66, 97.0827pt x 33.9669pt>
File: figs/by-nc-sa.png Graphic file (type png)
<use figs/by-nc-sa.png>
Package pdftex.def Info: figs/by-nc-sa.png  used on input line 10.
(pdftex.def)             Requested size: 34.23161pt x 11.9767pt.
) [2

 <./figs/by-nc-sa.png>] (slides.toc
LaTeX Info: Redefining \. on input line 1.
LaTeX Info: Redefining \% on input line 1.
) [3

]
<figs//chatbot.jpg, id=102, 174.6525pt x 211.38976pt>
File: figs//chatbot.jpg Graphic file (type jpg)
<use figs//chatbot.jpg>
Package pdftex.def Info: figs//chatbot.jpg  used on input line 130.
(pdftex.def)             Requested size: 70.526pt x 85.35826pt.
<figs//IOT3.jpeg, id=103, 697.60625pt x 366.36874pt>
File: figs//IOT3.jpeg Graphic file (type jpg)
<use figs//IOT3.jpeg>
Package pdftex.def Info: figs//IOT3.jpeg  used on input line 130.
(pdftex.def)             Requested size: 162.52176pt x 85.35826pt.
<figs//alexa.jpg, id=104, 349.305pt x 298.11375pt>
File: figs//alexa.jpg Graphic file (type jpg)
<use figs//alexa.jpg>
Package pdftex.def Info: figs//alexa.jpg  used on input line 130.
(pdftex.def)             Requested size: 100.01666pt x 85.35826pt.
<figs//domotica1.jpg, id=105, 319.79475pt x 200.54926pt>
File: figs//domotica1.jpg Graphic file (type jpg)
<use figs//domotica1.jpg>
Package pdftex.def Info: figs//domotica1.jpg  used on input line 130.
(pdftex.def)             Requested size: 136.10858pt x 85.35826pt.
 [4

 <./figs//chatbot.jpg> <./figs//IOT3.jpeg> <./figs//alexa.jpg> <./figs//domotic
a1.jpg>]
<figs//droneski.jpg, id=113, 290.88675pt x 172.2435pt>
File: figs//droneski.jpg Graphic file (type jpg)
<use figs//droneski.jpg>
Package pdftex.def Info: figs//droneski.jpg  used on input line 150.
(pdftex.def)             Requested size: 112.95807pt x 66.88557pt.
<figs//dronerescate.jpg, id=114, 233.673pt x 160.1985pt>
File: figs//dronerescate.jpg Graphic file (type jpg)
<use figs//dronerescate.jpg>
Package pdftex.def Info: figs//dronerescate.jpg  used on input line 150.
(pdftex.def)             Requested size: 112.95807pt x 77.4395pt.
 [5

 <./figs//droneski.jpg> <./figs//dronerescate.jpg>] [6

] [7

]
<figs//Windows.jpg, id=200, 830.10126pt x 622.325pt>
File: figs//Windows.jpg Graphic file (type jpg)
<use figs//Windows.jpg>
Package pdftex.def Info: figs//Windows.jpg  used on input line 234.
(pdftex.def)             Requested size: 75.89651pt x 56.9055pt.
<figs//mbot.jpg, id=201, 426.59375pt x 386.44376pt>
File: figs//mbot.jpg Graphic file (type jpg)
<use figs//mbot.jpg>
Package pdftex.def Info: figs//mbot.jpg  used on input line 234.
(pdftex.def)             Requested size: 62.81462pt x 56.9055pt.
<figs//scratch-logo.png, id=202, 1204.5pt x 632.3625pt>
File: figs//scratch-logo.png Graphic file (type png)
<use figs//scratch-logo.png>
Package pdftex.def Info: figs//scratch-logo.png  used on input line 234.
(pdftex.def)             Requested size: 108.38194pt x 56.9055pt.
<figs//arduino-logo.png, id=203, 1204.5pt x 919.435pt>
File: figs//arduino-logo.png Graphic file (type png)
<use figs//arduino-logo.png>
Package pdftex.def Info: figs//arduino-logo.png  used on input line 234.
(pdftex.def)             Requested size: 111.81885pt x 85.35826pt.
<figs//python-logo.png, id=204, 301.125pt x 168.63pt>
File: figs//python-logo.png Graphic file (type png)
<use figs//python-logo.png>
Package pdftex.def Info: figs//python-logo.png  used on input line 234.
(pdftex.def)             Requested size: 152.4276pt x 85.35826pt.
 [8

 <./figs//Windows.jpg> <./figs//mbot.jpg> <./figs//scratch-logo.png (PNG copy)>
 <./figs//arduino-logo.png> <./figs//python-logo.png>]
<figs//flujo1-1.png, id=213, 1177.90062pt x 563.60562pt>
File: figs//flujo1-1.png Graphic file (type png)
<use figs//flujo1-1.png>
Package pdftex.def Info: figs//flujo1-1.png  used on input line 251.
(pdftex.def)             Requested size: 342.2953pt x 163.78543pt.
 [9

 <./figs//flujo1-1.png>]
<figs//mensajesensor.png, id=221, 1444.39626pt x 326.21875pt>
File: figs//mensajesensor.png Graphic file (type png)
<use figs//mensajesensor.png>
Package pdftex.def Info: figs//mensajesensor.png  used on input line 270.
(pdftex.def)             Requested size: 342.2953pt x 77.3085pt.
<figs//mensajeactuador.png, id=222, 1299.85625pt x 345.29pt>
File: figs//mensajeactuador.png Graphic file (type png)
<use figs//mensajeactuador.png>
Package pdftex.def Info: figs//mensajeactuador.png  used on input line 270.
(pdftex.def)             Requested size: 342.2953pt x 90.92184pt.
 [10

 <./figs//mensajesensor.png> <./figs//mensajeactuador.png>]
<figs//mcore.png, id=232, 895.345pt x 567.11874pt>
File: figs//mcore.png Graphic file (type png)
<use figs//mcore.png>
Package pdftex.def Info: figs//mcore.png  used on input line 293.
(pdftex.def)             Requested size: 119.80283pt x 75.88275pt.
 [11

 <./figs//mcore.png>]
<figs//abstraccionPC.png, id=241, 603.25375pt x 584.68437pt>
File: figs//abstraccionPC.png Graphic file (type png)
<use figs//abstraccionPC.png>
Package pdftex.def Info: figs//abstraccionPC.png  used on input line 313.
(pdftex.def)             Requested size: 171.14764pt x 165.87843pt.
 [12

 <./figs//abstraccionPC.png>]
<figs//ejemplo.png, id=250, 1303.87125pt x 598.73688pt>
File: figs//ejemplo.png Graphic file (type png)
<use figs//ejemplo.png>
Package pdftex.def Info: figs//ejemplo.png  used on input line 329.
(pdftex.def)             Requested size: 342.2953pt x 157.18448pt.

[13

 <./figs//ejemplo.png>] [14

]
<figs//lucesautomaticas.png, id=278, 416.757pt x 284.262pt>
File: figs//lucesautomaticas.png Graphic file (type png)
<use figs//lucesautomaticas.png>
Package pdftex.def Info: figs//lucesautomaticas.png  used on input line 361.
(pdftex.def)             Requested size: 239.60567pt x 163.43202pt.
<figs//variableLuz.png, id=279, 153.57375pt x 157.18726pt>
File: figs//variableLuz.png Graphic file (type png)
<use figs//variableLuz.png>
Package pdftex.def Info: figs//variableLuz.png  used on input line 361.
(pdftex.def)             Requested size: 102.68962pt x 105.10623pt.
 [15

 <./figs//lucesautomaticas.png> <./figs//variableLuz.png>] [16

]
<figs//ejemplopython.png, id=321, 669.702pt x 337.26pt>
File: figs//ejemplopython.png Graphic file (type png)
<use figs//ejemplopython.png>
Package pdftex.def Info: figs//ejemplopython.png  used on input line 391.
(pdftex.def)             Requested size: 342.2953pt x 172.38113pt.
 [17

 <./figs//ejemplopython.png>] [18

] [19

]
File: figs//logo-urjc.jpg Graphic file (type jpg)
<use figs//logo-urjc.jpg>
Package pdftex.def Info: figs//logo-urjc.jpg  used on input line 425.
(pdftex.def)             Requested size: 85.35826pt x 34.20592pt.
 [20

]
\tf@nav=\write6
\openout6 = `slides.nav'.

\tf@toc=\write7
\openout7 = `slides.toc'.

\tf@snm=\write8
\openout8 = `slides.snm'.

 (slides.aux
LaTeX Info: Redefining \. on input line 29.
LaTeX Info: Redefining \% on input line 29.
)
Package rerunfilecheck Info: File `slides.out' has not changed.
(rerunfilecheck)             Checksum: D8D8F32CAEA2425F92ABF95F1E48A8CF;1192.
 ) 
Here is how much of TeX's memory you used:
 29269 strings out of 478582
 583695 string characters out of 2838209
 824532 words of memory out of 3000000
 46788 multiletter control sequences out of 15000+600000
 479314 words of font info for 63 fonts, out of 8000000 for 9000
 1141 hyphenation exceptions out of 8191
 128i,16n,122p,433b,920s stack positions out of 10000i,1000n,20000p,200000b,80000s
<C:/Users/eva.garcia.domingo/AppData/Local/Programs/MiKTeX/fonts/type1/public
/amsfonts/cm/cmss10.pfb><C:/Users/eva.garcia.domingo/AppData/Local/Programs/MiK
TeX/fonts/type1/public/amsfonts/cm/cmss12.pfb><C:/Users/eva.garcia.domingo/AppD
ata/Local/Programs/MiKTeX/fonts/type1/public/amsfonts/cm/cmss8.pfb><C:/Users/ev
a.garcia.domingo/AppData/Local/Programs/MiKTeX/fonts/type1/public/amsfonts/cm/c
mss9.pfb><C:/Users/eva.garcia.domingo/AppData/Local/Programs/MiKTeX/fonts/type1
/public/amsfonts/cm/cmssbx10.pfb><C:/Users/eva.garcia.domingo/AppData/Local/Pro
grams/MiKTeX/fonts/type1/public/amsfonts/cm/cmssi10.pfb><C:/Users/eva.garcia.do
mingo/AppData/Local/Programs/MiKTeX/fonts/type1/public/amsfonts/cm/cmssi8.pfb>
Output written on slides.pdf (20 pages, 3560751 bytes).
PDF statistics:
 419 PDF objects out of 1000 (max. 8388607)
 51 named destinations out of 1000 (max. 500000)
 621 words of extra memory for PDF output out of 10000 (max. 10000000)

